<?xml version="1.0" encoding="UTF-8"?>
<!-- Generated by org.testng.reporters.JUnitReportReporter -->
<testsuite hostname="HP250G78THNEW" failures="0" tests="1" name="comit.actime.tesrscript.CustomerModule" time="0.022" errors="0" timestamp="2023-10-04T12:41:52 IST" skipped="0">
  <testcase classname="comit.actime.tesrscript.CustomerModule" name="createCustomer" time="0.022">
    <system-out>
      <![CDATA[create customer]]>
    </system-out>
  </testcase> <!-- createCustomer -->
  <system-out>
    <![CDATA[create customer]]>
  </system-out>
</testsuite> <!-- comit.actime.tesrscript.CustomerModule -->
